  [1m[35m (0.1ms)[0m  [1m[34mSELECT sqlite_version(*)[0m
  ↳ /Users/raviprakash/.rvm/gems/ruby-2.5.0/gems/rake-12.3.1/lib/rake/task.rb:271
  [1m[35m (0.9ms)[0m  [1m[35mCREATE TABLE "schema_migrations" ("version" varchar NOT NULL PRIMARY KEY)[0m
  ↳ /Users/raviprakash/.rvm/gems/ruby-2.5.0/gems/rake-12.3.1/lib/rake/task.rb:271
  [1m[35m (0.9ms)[0m  [1m[35mCREATE TABLE "ar_internal_metadata" ("key" varchar NOT NULL PRIMARY KEY, "value" varchar, "created_at" datetime NOT NULL, "updated_at" datetime NOT NULL)[0m
  ↳ /Users/raviprakash/.rvm/gems/ruby-2.5.0/gems/rake-12.3.1/lib/rake/task.rb:271
  [1m[35m (0.2ms)[0m  [1m[34mSELECT "schema_migrations"."version" FROM "schema_migrations" ORDER BY "schema_migrations"."version" ASC[0m
  ↳ /Users/raviprakash/.rvm/gems/ruby-2.5.0/gems/rake-12.3.1/lib/rake/task.rb:271
Migrating to CreateUsers (20180707194702)
  [1m[35m (0.4ms)[0m  [1m[36mbegin transaction[0m
  ↳ /Users/raviprakash/.rvm/gems/ruby-2.5.0/gems/rake-12.3.1/lib/rake/task.rb:271
  [1m[35m (0.8ms)[0m  [1m[35mCREATE TABLE "users" ("id" integer PRIMARY KEY AUTOINCREMENT NOT NULL, "name" varchar, "phone_number" varchar, "email" varchar, "created_at" datetime NOT NULL, "updated_at" datetime NOT NULL)[0m
  ↳ db/migrate/20180707194702_create_users.rb:3
  [1m[36mActiveRecord::SchemaMigration Create (0.3ms)[0m  [1m[32mINSERT INTO "schema_migrations" ("version") VALUES (?)[0m  [["version", "20180707194702"]]
  ↳ /Users/raviprakash/.rvm/gems/ruby-2.5.0/gems/rake-12.3.1/lib/rake/task.rb:271
  [1m[35m (1.3ms)[0m  [1m[36mcommit transaction[0m
  ↳ /Users/raviprakash/.rvm/gems/ruby-2.5.0/gems/rake-12.3.1/lib/rake/task.rb:271
  [1m[36mActiveRecord::InternalMetadata Load (0.3ms)[0m  [1m[34mSELECT  "ar_internal_metadata".* FROM "ar_internal_metadata" WHERE "ar_internal_metadata"."key" = ? LIMIT ?[0m  [["key", "environment"], ["LIMIT", 1]]
  ↳ /Users/raviprakash/.rvm/gems/ruby-2.5.0/gems/rake-12.3.1/lib/rake/task.rb:271
  [1m[35m (0.1ms)[0m  [1m[36mbegin transaction[0m
  ↳ /Users/raviprakash/.rvm/gems/ruby-2.5.0/gems/rake-12.3.1/lib/rake/task.rb:271
  [1m[36mActiveRecord::InternalMetadata Create (0.6ms)[0m  [1m[32mINSERT INTO "ar_internal_metadata" ("key", "value", "created_at", "updated_at") VALUES (?, ?, ?, ?)[0m  [["key", "environment"], ["value", "development"], ["created_at", "2018-07-07 20:08:09.581012"], ["updated_at", "2018-07-07 20:08:09.581012"]]
  ↳ /Users/raviprakash/.rvm/gems/ruby-2.5.0/gems/rake-12.3.1/lib/rake/task.rb:271
  [1m[35m (1.1ms)[0m  [1m[36mcommit transaction[0m
  ↳ /Users/raviprakash/.rvm/gems/ruby-2.5.0/gems/rake-12.3.1/lib/rake/task.rb:271
  [1m[35m (0.1ms)[0m  [1m[34mSELECT "schema_migrations"."version" FROM "schema_migrations" ORDER BY "schema_migrations"."version" ASC[0m
  ↳ /Users/raviprakash/.rvm/gems/ruby-2.5.0/gems/rake-12.3.1/lib/rake/task.rb:271
  [1m[35m (0.1ms)[0m  [1m[36mbegin transaction[0m
  [1m[36mUser Create (0.5ms)[0m  [1m[32mINSERT INTO "users" ("name", "phone_number", "email", "created_at", "updated_at") VALUES (?, ?, ?, ?, ?)[0m  [["name", "ravi"], ["phone_number", "abc"], ["email", "ass"], ["created_at", "2018-07-07 20:09:20.080847"], ["updated_at", "2018-07-07 20:09:20.080847"]]
  [1m[35m (6.4ms)[0m  [1m[36mcommit transaction[0m
  [1m[35m (0.1ms)[0m  [1m[36mbegin transaction[0m
  [1m[36mUser Create (0.5ms)[0m  [1m[32mINSERT INTO "users" ("name", "phone_number", "email", "created_at", "updated_at") VALUES (?, ?, ?, ?, ?)[0m  [["name", "ravi"], ["phone_number", "abc"], ["email", "ass"], ["created_at", "2018-07-07 20:12:58.084173"], ["updated_at", "2018-07-07 20:12:58.084173"]]
  [1m[35m (1.2ms)[0m  [1m[36mcommit transaction[0m
  [1m[35m (0.1ms)[0m  [1m[36mbegin transaction[0m
  [1m[36mUser Create (0.9ms)[0m  [1m[32mINSERT INTO "users" ("name", "phone_number", "email", "created_at", "updated_at") VALUES (?, ?, ?, ?, ?)[0m  [["name", "ravi"], ["phone_number", "abc"], ["email", "ass"], ["created_at", "2018-07-07 20:59:54.699192"], ["updated_at", "2018-07-07 20:59:54.699192"]]
  [1m[35m (1.5ms)[0m  [1m[36mcommit transaction[0m
  [1m[35m (0.0ms)[0m  [1m[36mbegin transaction[0m
  [1m[36mUser Create (0.5ms)[0m  [1m[32mINSERT INTO "users" ("name", "phone_number", "email", "created_at", "updated_at") VALUES (?, ?, ?, ?, ?)[0m  [["name", "ravi"], ["phone_number", "abc"], ["email", "ass"], ["created_at", "2018-07-07 21:01:42.688397"], ["updated_at", "2018-07-07 21:01:42.688397"]]
  [1m[35m (0.8ms)[0m  [1m[36mcommit transaction[0m
  [1m[35m (0.2ms)[0m  [1m[36mbegin transaction[0m
  [1m[36mUser Create (0.9ms)[0m  [1m[32mINSERT INTO "users" ("name", "phone_number", "email", "created_at", "updated_at") VALUES (?, ?, ?, ?, ?)[0m  [["name", "aa"], ["phone_number", "asssd"], ["email", "sssss"], ["created_at", "2018-07-07 21:32:42.921543"], ["updated_at", "2018-07-07 21:32:42.921543"]]
  [1m[35m (1.3ms)[0m  [1m[36mcommit transaction[0m
  [1m[35m (0.1ms)[0m  [1m[36mbegin transaction[0m
  [1m[36mUser Create (0.7ms)[0m  [1m[32mINSERT INTO "users" ("name", "phone_number", "email", "created_at", "updated_at") VALUES (?, ?, ?, ?, ?)[0m  [["name", "aa"], ["phone_number", "asssd"], ["email", "sssss"], ["created_at", "2018-07-07 21:38:22.597501"], ["updated_at", "2018-07-07 21:38:22.597501"]]
  [1m[35m (1.4ms)[0m  [1m[36mcommit transaction[0m
  [1m[35m (0.1ms)[0m  [1m[36mbegin transaction[0m
  [1m[36mUser Create (0.8ms)[0m  [1m[32mINSERT INTO "users" ("name", "phone_number", "email", "created_at", "updated_at") VALUES (?, ?, ?, ?, ?)[0m  [["name", "aa"], ["phone_number", "asssd"], ["email", "sssss"], ["created_at", "2018-07-07 21:42:45.734882"], ["updated_at", "2018-07-07 21:42:45.734882"]]
  [1m[35m (1.7ms)[0m  [1m[36mcommit transaction[0m
  [1m[35m (0.1ms)[0m  [1m[36mbegin transaction[0m
  [1m[36mUser Create (0.5ms)[0m  [1m[32mINSERT INTO "users" ("name", "phone_number", "email", "created_at", "updated_at") VALUES (?, ?, ?, ?, ?)[0m  [["name", "aa"], ["phone_number", "asssd"], ["email", "sssss"], ["created_at", "2018-07-07 21:45:00.932951"], ["updated_at", "2018-07-07 21:45:00.932951"]]
  [1m[35m (1.1ms)[0m  [1m[36mcommit transaction[0m
  [1m[35m (0.1ms)[0m  [1m[36mbegin transaction[0m
  [1m[36mUser Create (0.8ms)[0m  [1m[32mINSERT INTO "users" ("name", "phone_number", "email", "created_at", "updated_at") VALUES (?, ?, ?, ?, ?)[0m  [["name", "aa"], ["phone_number", "asssd"], ["email", "sssss"], ["created_at", "2018-07-07 21:49:56.307172"], ["updated_at", "2018-07-07 21:49:56.307172"]]
  [1m[35m (1.4ms)[0m  [1m[36mcommit transaction[0m
  [1m[35m (0.1ms)[0m  [1m[36mbegin transaction[0m
  [1m[36mUser Create (0.8ms)[0m  [1m[32mINSERT INTO "users" ("name", "phone_number", "email", "created_at", "updated_at") VALUES (?, ?, ?, ?, ?)[0m  [["name", "aa"], ["phone_number", "asssd"], ["email", "sssss"], ["created_at", "2018-07-07 21:55:41.576099"], ["updated_at", "2018-07-07 21:55:41.576099"]]
  [1m[35m (0.7ms)[0m  [1m[36mcommit transaction[0m
  [1m[35m (0.1ms)[0m  [1m[36mbegin transaction[0m
  [1m[36mUser Create (0.6ms)[0m  [1m[32mINSERT INTO "users" ("name", "phone_number", "email", "created_at", "updated_at") VALUES (?, ?, ?, ?, ?)[0m  [["name", "aa"], ["phone_number", "asssd"], ["email", "sssss"], ["created_at", "2018-07-07 21:57:50.427567"], ["updated_at", "2018-07-07 21:57:50.427567"]]
  [1m[35m (6.4ms)[0m  [1m[36mcommit transaction[0m
  [1m[35m (0.1ms)[0m  [1m[36mbegin transaction[0m
  [1m[36mUser Create (0.5ms)[0m  [1m[32mINSERT INTO "users" ("name", "phone_number", "email", "created_at", "updated_at") VALUES (?, ?, ?, ?, ?)[0m  [["name", "aa"], ["phone_number", "asssd"], ["email", "sssss"], ["created_at", "2018-07-07 21:59:04.150677"], ["updated_at", "2018-07-07 21:59:04.150677"]]
  [1m[35m (6.7ms)[0m  [1m[36mcommit transaction[0m
Started GET "/" for 127.0.0.1 at 2018-07-08 03:30:46 +0530
  [1m[35m (0.4ms)[0m  [1m[34mSELECT "schema_migrations"."version" FROM "schema_migrations" ORDER BY "schema_migrations"."version" ASC[0m
  ↳ /Users/raviprakash/.rvm/gems/ruby-2.5.0/gems/web-console-3.6.2/lib/web_console/middleware.rb:135
Processing by Rails::WelcomeController#index as HTML
  Rendering /Users/raviprakash/.rvm/rubies/ruby-2.5.0/lib/ruby/gems/2.5.0/gems/railties-5.2.0/lib/rails/templates/rails/welcome/index.html.erb
  Rendered /Users/raviprakash/.rvm/rubies/ruby-2.5.0/lib/ruby/gems/2.5.0/gems/railties-5.2.0/lib/rails/templates/rails/welcome/index.html.erb (7.7ms)
Completed 200 OK in 37ms (Views: 20.5ms | ActiveRecord: 0.0ms)


  [1m[35m (0.1ms)[0m  [1m[36mbegin transaction[0m
  [1m[36mUser Create (0.7ms)[0m  [1m[32mINSERT INTO "users" ("name", "phone_number", "email", "created_at", "updated_at") VALUES (?, ?, ?, ?, ?)[0m  [["name", "aa"], ["phone_number", "asssd"], ["email", "sssss"], ["created_at", "2018-07-07 22:00:58.025451"], ["updated_at", "2018-07-07 22:00:58.025451"]]
  [1m[35m (1.2ms)[0m  [1m[36mcommit transaction[0m
  [1m[35m (0.1ms)[0m  [1m[34mSELECT "schema_migrations"."version" FROM "schema_migrations" ORDER BY "schema_migrations"."version" ASC[0m
  ↳ /Users/raviprakash/.rvm/gems/ruby-2.5.0/gems/rake-12.3.1/lib/rake/task.rb:271
  [1m[35m (0.6ms)[0m  [1m[34mSELECT "ar_internal_metadata"."value" FROM "ar_internal_metadata" WHERE "ar_internal_metadata"."key" = ?[0m  [["key", "environment"]]
  ↳ /Users/raviprakash/.rvm/gems/ruby-2.5.0/gems/rake-12.3.1/lib/rake/task.rb:271
  [1m[35m (0.1ms)[0m  [1m[34mSELECT "schema_migrations"."version" FROM "schema_migrations" ORDER BY "schema_migrations"."version" ASC[0m
  ↳ /Users/raviprakash/.rvm/gems/ruby-2.5.0/gems/rake-12.3.1/lib/rake/task.rb:271
  [1m[35m (0.1ms)[0m  [1m[34mSELECT "ar_internal_metadata"."value" FROM "ar_internal_metadata" WHERE "ar_internal_metadata"."key" = ?[0m  [["key", "environment"]]
  ↳ /Users/raviprakash/.rvm/gems/ruby-2.5.0/gems/rake-12.3.1/lib/rake/task.rb:271
  [1m[35m (0.1ms)[0m  [1m[34mSELECT "schema_migrations"."version" FROM "schema_migrations" ORDER BY "schema_migrations"."version" ASC[0m
  ↳ /Users/raviprakash/.rvm/gems/ruby-2.5.0/gems/rake-12.3.1/lib/rake/task.rb:271
  [1m[35m (0.1ms)[0m  [1m[34mSELECT "ar_internal_metadata"."value" FROM "ar_internal_metadata" WHERE "ar_internal_metadata"."key" = ?[0m  [["key", "environment"]]
  ↳ /Users/raviprakash/.rvm/gems/ruby-2.5.0/gems/rake-12.3.1/lib/rake/task.rb:271
  [1m[35m (1.0ms)[0m  [1m[35mDROP TABLE IF EXISTS "users"[0m
  ↳ db/schema.rb:15
  [1m[35m (0.1ms)[0m  [1m[34mSELECT sqlite_version(*)[0m
  ↳ db/schema.rb:15
  [1m[35m (1.0ms)[0m  [1m[35mCREATE TABLE "users" ("id" integer PRIMARY KEY AUTOINCREMENT NOT NULL, "name" varchar, "phone_number" varchar, "email" varchar, "created_at" datetime NOT NULL, "updated_at" datetime NOT NULL)[0m
  ↳ db/schema.rb:15
  [1m[35m (0.1ms)[0m  [1m[34mSELECT "schema_migrations"."version" FROM "schema_migrations" ORDER BY "schema_migrations"."version" ASC[0m
  ↳ db/schema.rb:13
  [1m[36mActiveRecord::InternalMetadata Load (0.1ms)[0m  [1m[34mSELECT  "ar_internal_metadata".* FROM "ar_internal_metadata" WHERE "ar_internal_metadata"."key" = ? LIMIT ?[0m  [["key", "environment"], ["LIMIT", 1]]
  ↳ db/schema.rb:13
  [1m[35m (0.1ms)[0m  [1m[36mbegin transaction[0m
  ↳ db/schema.rb:13
  [1m[35m (0.0ms)[0m  [1m[36mcommit transaction[0m
  ↳ db/schema.rb:13
  [1m[36mActiveRecord::InternalMetadata Load (0.1ms)[0m  [1m[34mSELECT  "ar_internal_metadata".* FROM "ar_internal_metadata" WHERE "ar_internal_metadata"."key" = ? LIMIT ?[0m  [["key", "environment"], ["LIMIT", 1]]
  ↳ /Users/raviprakash/.rvm/gems/ruby-2.5.0/gems/rake-12.3.1/lib/rake/task.rb:271
  [1m[35m (0.0ms)[0m  [1m[36mbegin transaction[0m
  ↳ /Users/raviprakash/.rvm/gems/ruby-2.5.0/gems/rake-12.3.1/lib/rake/task.rb:271
  [1m[35m (0.0ms)[0m  [1m[36mcommit transaction[0m
  ↳ /Users/raviprakash/.rvm/gems/ruby-2.5.0/gems/rake-12.3.1/lib/rake/task.rb:271
  [1m[35m (0.1ms)[0m  [1m[35mDROP TABLE IF EXISTS "users"[0m
  ↳ db/schema.rb:15
  [1m[35m (0.0ms)[0m  [1m[34mSELECT sqlite_version(*)[0m
  ↳ db/schema.rb:15
  [1m[35m (1.1ms)[0m  [1m[35mCREATE TABLE "users" ("id" integer PRIMARY KEY AUTOINCREMENT NOT NULL, "name" varchar, "phone_number" varchar, "email" varchar, "created_at" datetime NOT NULL, "updated_at" datetime NOT NULL)[0m
  ↳ db/schema.rb:15
  [1m[35m (0.9ms)[0m  [1m[35mCREATE TABLE "schema_migrations" ("version" varchar NOT NULL PRIMARY KEY)[0m
  ↳ db/schema.rb:13
  [1m[35m (0.1ms)[0m  [1m[34mSELECT "schema_migrations"."version" FROM "schema_migrations" ORDER BY "schema_migrations"."version" ASC[0m
  ↳ db/schema.rb:13
  [1m[35m (0.8ms)[0m  [1m[32mINSERT INTO "schema_migrations" (version) VALUES (20180707194702)[0m
  ↳ db/schema.rb:13
  [1m[35m (1.0ms)[0m  [1m[35mCREATE TABLE "ar_internal_metadata" ("key" varchar NOT NULL PRIMARY KEY, "value" varchar, "created_at" datetime NOT NULL, "updated_at" datetime NOT NULL)[0m
  ↳ db/schema.rb:13
  [1m[36mActiveRecord::InternalMetadata Load (0.2ms)[0m  [1m[34mSELECT  "ar_internal_metadata".* FROM "ar_internal_metadata" WHERE "ar_internal_metadata"."key" = ? LIMIT ?[0m  [["key", "environment"], ["LIMIT", 1]]
  ↳ db/schema.rb:13
  [1m[35m (0.0ms)[0m  [1m[36mbegin transaction[0m
  ↳ db/schema.rb:13
  [1m[36mActiveRecord::InternalMetadata Create (0.3ms)[0m  [1m[32mINSERT INTO "ar_internal_metadata" ("key", "value", "created_at", "updated_at") VALUES (?, ?, ?, ?)[0m  [["key", "environment"], ["value", "development"], ["created_at", "2018-07-07 22:01:47.788105"], ["updated_at", "2018-07-07 22:01:47.788105"]]
  ↳ db/schema.rb:13
  [1m[35m (0.8ms)[0m  [1m[36mcommit transaction[0m
  ↳ db/schema.rb:13
  [1m[36mActiveRecord::InternalMetadata Load (0.1ms)[0m  [1m[34mSELECT  "ar_internal_metadata".* FROM "ar_internal_metadata" WHERE "ar_internal_metadata"."key" = ? LIMIT ?[0m  [["key", "environment"], ["LIMIT", 1]]
  ↳ /Users/raviprakash/.rvm/gems/ruby-2.5.0/gems/rake-12.3.1/lib/rake/task.rb:271
  [1m[35m (0.0ms)[0m  [1m[36mbegin transaction[0m
  ↳ /Users/raviprakash/.rvm/gems/ruby-2.5.0/gems/rake-12.3.1/lib/rake/task.rb:271
  [1m[36mActiveRecord::InternalMetadata Update (0.2ms)[0m  [1m[33mUPDATE "ar_internal_metadata" SET "value" = ?, "updated_at" = ? WHERE "ar_internal_metadata"."key" = ?[0m  [["value", "test"], ["updated_at", "2018-07-07 22:01:47.791365"], ["key", "environment"]]
  ↳ /Users/raviprakash/.rvm/gems/ruby-2.5.0/gems/rake-12.3.1/lib/rake/task.rb:271
  [1m[35m (0.6ms)[0m  [1m[36mcommit transaction[0m
  ↳ /Users/raviprakash/.rvm/gems/ruby-2.5.0/gems/rake-12.3.1/lib/rake/task.rb:271
  [1m[35m (0.1ms)[0m  [1m[34mSELECT "schema_migrations"."version" FROM "schema_migrations" ORDER BY "schema_migrations"."version" ASC[0m
  ↳ /Users/raviprakash/.rvm/gems/ruby-2.5.0/gems/rake-12.3.1/lib/rake/task.rb:271
  [1m[35m (0.1ms)[0m  [1m[36mbegin transaction[0m
  [1m[36mUser Create (0.6ms)[0m  [1m[32mINSERT INTO "users" ("name", "phone_number", "email", "created_at", "updated_at") VALUES (?, ?, ?, ?, ?)[0m  [["name", "aa"], ["phone_number", "asssd"], ["email", "sssss"], ["created_at", "2018-07-07 22:01:56.270571"], ["updated_at", "2018-07-07 22:01:56.270571"]]
  [1m[35m (6.5ms)[0m  [1m[36mcommit transaction[0m
  [1m[35m (0.1ms)[0m  [1m[36mbegin transaction[0m
  [1m[36mUser Create (0.7ms)[0m  [1m[32mINSERT INTO "users" ("name", "phone_number", "email", "created_at", "updated_at") VALUES (?, ?, ?, ?, ?)[0m  [["name", "aa"], ["phone_number", "asssd"], ["email", "sssss"], ["created_at", "2018-07-07 22:07:06.249029"], ["updated_at", "2018-07-07 22:07:06.249029"]]
  [1m[35m (1.6ms)[0m  [1m[36mcommit transaction[0m
  [1m[35m (0.1ms)[0m  [1m[36mbegin transaction[0m
  [1m[36mUser Create (0.7ms)[0m  [1m[32mINSERT INTO "users" ("name", "phone_number", "email", "created_at", "updated_at") VALUES (?, ?, ?, ?, ?)[0m  [["name", "aa"], ["phone_number", "asssd"], ["email", "sssss"], ["created_at", "2018-07-07 22:07:45.518670"], ["updated_at", "2018-07-07 22:07:45.518670"]]
  [1m[35m (1.4ms)[0m  [1m[36mcommit transaction[0m
  [1m[35m (0.1ms)[0m  [1m[36mbegin transaction[0m
  [1m[36mUser Create (0.8ms)[0m  [1m[32mINSERT INTO "users" ("name", "phone_number", "email", "created_at", "updated_at") VALUES (?, ?, ?, ?, ?)[0m  [["name", "aa"], ["phone_number", "asssd"], ["email", "sssss"], ["created_at", "2018-07-07 22:08:04.798445"], ["updated_at", "2018-07-07 22:08:04.798445"]]
  [1m[35m (1.3ms)[0m  [1m[36mcommit transaction[0m
  [1m[35m (0.1ms)[0m  [1m[36mbegin transaction[0m
  [1m[36mUser Create (0.8ms)[0m  [1m[32mINSERT INTO "users" ("name", "phone_number", "email", "created_at", "updated_at") VALUES (?, ?, ?, ?, ?)[0m  [["name", "aa"], ["phone_number", "asssd"], ["email", "sssss"], ["created_at", "2018-07-07 22:08:31.066935"], ["updated_at", "2018-07-07 22:08:31.066935"]]
  [1m[35m (1.2ms)[0m  [1m[36mcommit transaction[0m
  [1m[35m (0.1ms)[0m  [1m[36mbegin transaction[0m
  [1m[36mUser Create (0.4ms)[0m  [1m[32mINSERT INTO "users" ("name", "phone_number", "email", "created_at", "updated_at") VALUES (?, ?, ?, ?, ?)[0m  [["name", "aa"], ["phone_number", "asssd"], ["email", "sssss"], ["created_at", "2018-07-07 22:28:23.680860"], ["updated_at", "2018-07-07 22:28:23.680860"]]
  [1m[35m (0.7ms)[0m  [1m[36mcommit transaction[0m
  [1m[35m (0.1ms)[0m  [1m[36mbegin transaction[0m
  [1m[35m (0.1ms)[0m  [1m[36mcommit transaction[0m
